<?xml version="1.0" encoding="UTF-8"?>
<testsuite name="test.java.TaskUnitTest" tests="1" skipped="0" failures="0" errors="0" timestamp="2017-12-13T16:15:32" hostname="Sebs-MacBook-Pro.local" time="0.001">
  <properties/>
  <testcase name="basicTaskTest" classname="test.java.TaskUnitTest" time="0.001"/>
  <system-out><![CDATA[]]></system-out>
  <system-err><![CDATA[]]></system-err>
</testsuite>
