<?xml version="1.0" encoding="UTF-8"?>
<testsuite name="test.java.SchedulerTest" tests="1" skipped="0" failures="0" errors="0" timestamp="2017-12-13T16:16:37" hostname="Sebs-MacBook-Pro.local" time="0.0">
  <properties/>
  <testcase name="test1" classname="test.java.SchedulerTest" time="0.0"/>
  <system-out><![CDATA[]]></system-out>
  <system-err><![CDATA[]]></system-err>
</testsuite>
