<?xml version="1.0" encoding="UTF-8"?>
<testsuite name="test.java.PersonUnitTest" tests="2" skipped="0" failures="0" errors="0" timestamp="2017-12-13T16:15:32" hostname="Sebs-MacBook-Pro.local" time="0.002">
  <properties/>
  <testcase name="checkPersonCreation" classname="test.java.PersonUnitTest" time="0.002"/>
  <testcase name="checkAddSkill" classname="test.java.PersonUnitTest" time="0.0"/>
  <system-out><![CDATA[]]></system-out>
  <system-err><![CDATA[]]></system-err>
</testsuite>
